<?xml version="1.0" encoding="utf-8" standalone="no"?>
<!--This file represents the results of running a test suite-->
<test-results name="C:\PhD\Code\Misc\Working-CalciteCsv\CalciteCsvNunitTesting\CalciteCsvNunitTesting.nunit" total="1" errors="1" failures="0" not-run="0" inconclusive="0" ignored="0" skipped="0" invalid="0" date="2009-08-22" time="19:39:18">
  <environment nunit-version="2.5.2.9222" clr-version="2.0.50727.3082" os-version="Microsoft Windows NT 5.1.2600 Service Pack 2" platform="Win32NT" cwd="C:\PhD\Code\Misc\Working-CalciteCsv\CalciteCsvNunitTesting" machine-name="GRIMSBY" user="ba1224" user-domain="PHYSICS" />
  <culture-info current-culture="en-GB" current-uiculture="en-US" />
  <test-suite name="C:\PhD\Code\Misc\Working-CalciteCsv\CalciteCsvNunitTesting\CalciteCsvNunitTesting.nunit" executed="True" success="False" time="0.047" asserts="0">
    <results>
      <test-suite name="C:\PhD\Code\Misc\Working-CalciteCsv\CalciteCsvNunitTesting\bin\Debug\CalciteCsvNunitTesting.dll" executed="True" success="False" time="0.047" asserts="0">
        <results>
          <test-suite name="CalciteCsvNunitTesting" executed="True" success="False" time="0.047" asserts="0">
            <results>
              <test-suite name="CsvReaderTest" executed="True" success="False" time="0.000" asserts="0">
                <results>
                  <test-case name="CalciteCsvNunitTesting.CsvReaderTest.ResetTest" executed="True" success="False" time="0.000" asserts="0">
                    <failure>
                      <message><![CDATA[System.NullReferenceException : Object reference not set to an instance of an object.]]></message>
                      <stack-trace><![CDATA[at CalciteCsv.CsvReader.SplitLine(String line) in C:\PhD\Code\Misc\Working-CalciteCsv\CalciteCsv\CsvReader.cs:line 249
at CalciteCsv.CsvReader.get_Columns() in C:\PhD\Code\Misc\Working-CalciteCsv\CalciteCsv\CsvReader.cs:line 165
at CalciteCsvNunitTesting.CsvReaderTest.ResetTest() in C:\PhD\Code\Misc\Working-CalciteCsv\CalciteCsvNunitTesting\CsvReaderTest.cs:line 258
]]></stack-trace>
                    </failure>
                  </test-case>
                </results>
              </test-suite>
            </results>
          </test-suite>
        </results>
      </test-suite>
    </results>
  </test-suite>
</test-results>