<?xml version="1.0" encoding="utf-8" standalone="no"?>
<!--This file represents the results of running a test suite-->
<test-results name="C:\PhD\code\misc\CalciteCsv\CalciteCsvNunitTesting\CalciteCsvNunitTesting.nunit" total="1" errors="1" failures="0" not-run="0" inconclusive="0" ignored="0" skipped="0" invalid="0" date="2009-08-18" time="22:07:43">
  <environment nunit-version="2.5.2.9222" clr-version="2.0.50727.3082" os-version="Microsoft Windows NT 5.1.2600 Service Pack 2" platform="Win32NT" cwd="C:\Program Files\NUnit 2.5.2\bin\net-2.0" machine-name="GRIMSBY" user="ba1224" user-domain="PHYSICS" />
  <culture-info current-culture="en-GB" current-uiculture="en-US" />
  <test-suite name="C:\PhD\code\misc\CalciteCsv\CalciteCsvNunitTesting\CalciteCsvNunitTesting.nunit" executed="True" success="False" time="0.031" asserts="0">
    <results>
      <test-suite name="C:\PhD\code\misc\CalciteCsv\CalciteCsvNunitTesting\bin\Debug\CalciteCsvNunitTesting.dll" executed="True" success="False" time="0.031" asserts="0">
        <results>
          <test-suite name="CalciteCsvNunitTesting" executed="True" success="False" time="0.031" asserts="0">
            <results>
              <test-suite name="CsvWriterTest" executed="True" success="False" time="0.016" asserts="0">
                <results>
                  <test-case name="CalciteCsvNunitTesting.CsvWriterTest.CsvWriterConstructorTest" executed="True" success="False" time="0.016" asserts="1">
                    <failure>
                      <message><![CDATA[System.IO.DirectoryNotFoundException : Could not find a part of the path 'C:\PhD\code\misc\CalciteCsv\TestFiles\TabSeperatedFileBasicFromVS.txt'.]]></message>
                      <stack-trace><![CDATA[at System.IO.__Error.WinIOError(Int32 errorCode, String maybeFullPath)
at System.IO.FileStream.Init(String path, FileMode mode, FileAccess access, Int32 rights, Boolean useRights, FileShare share, Int32 bufferSize, FileOptions options, SECURITY_ATTRIBUTES secAttrs, String msgPath, Boolean bFromProxy)
at System.IO.FileStream..ctor(String path, FileMode mode, FileAccess access, FileShare share, Int32 bufferSize, FileOptions options)
at System.IO.StreamWriter.CreateFile(String path, Boolean append)
at System.IO.StreamWriter..ctor(String path, Boolean append, Encoding encoding, Int32 bufferSize)
at System.IO.StreamWriter..ctor(String path)
at CalciteCsvNunitTesting.CsvWriterTest.CsvWriterConstructorTest() in C:\PhD\code\misc\CalciteCsv\CalciteCsvNunitTesting\CsvWriterTest.cs:line 31
]]></stack-trace>
                    </failure>
                  </test-case>
                </results>
              </test-suite>
            </results>
          </test-suite>
        </results>
      </test-suite>
    </results>
  </test-suite>
</test-results>